mc_semantics.html:467 ADR PROGRAM
mc_semantics.html:485 TST .SYNTAX
mc_semantics.html:470 BF L37
mc_semantics.html:478 ID
mc_semantics.html:471 BE
mc_semantics.html:473 CL ADR 
mc_semantics.html:474 CI
mc_semantics.html:481 OUT
mc_semantics.html:472 CLL ST
mc_semantics.html:478 ID
mc_semantics.html:470 BF L35
mc_semantics.html:479 LB
mc_semantics.html:474 CI
mc_semantics.html:481 OUT
mc_semantics.html:485 TST =
mc_semantics.html:471 BE
mc_semantics.html:472 CLL EX1
mc_semantics.html:472 CLL EX2
mc_semantics.html:472 CLL EX3
mc_semantics.html:478 ID
mc_semantics.html:470 BF L12
mc_semantics.html:473 CL CLL 
mc_semantics.html:474 CI
mc_semantics.html:481 OUT
mc_semantics.html:469 BT L13
mc_semantics.html:482 R
mc_semantics.html:470 BF L21
mc_semantics.html:473 CL BF 
mc_semantics.html:476 GN1
mc_semantics.html:481 OUT
mc_semantics.html:469 BT L22
mc_semantics.html:470 BF L24
mc_semantics.html:472 CLL EX3
mc_semantics.html:478 ID
mc_semantics.html:470 BF L12
mc_semantics.html:469 BT L13
mc_semantics.html:484 SR
mc_semantics.html:470 BF L14
mc_semantics.html:469 BT L13
mc_semantics.html:485 TST .ID
mc_semantics.html:470 BF L15
mc_semantics.html:469 BT L13
mc_semantics.html:485 TST .NUMBER
mc_semantics.html:470 BF L16
mc_semantics.html:469 BT L13
mc_semantics.html:485 TST .STRING
mc_semantics.html:470 BF L17
mc_semantics.html:469 BT L13
mc_semantics.html:485 TST (
mc_semantics.html:470 BF L18
mc_semantics.html:469 BT L13
mc_semantics.html:485 TST .EMPTY
mc_semantics.html:470 BF L19
mc_semantics.html:469 BT L13
mc_semantics.html:485 TST $
mc_semantics.html:470 BF L20
mc_semantics.html:479 LB
mc_semantics.html:476 GN1
mc_semantics.html:481 OUT
mc_semantics.html:472 CLL EX3
mc_semantics.html:478 ID
mc_semantics.html:470 BF L12
mc_semantics.html:473 CL CLL 
mc_semantics.html:474 CI
mc_semantics.html:481 OUT
mc_semantics.html:469 BT L13
mc_semantics.html:482 R
mc_semantics.html:471 BE
mc_semantics.html:473 CL BT 
mc_semantics.html:476 GN1
mc_semantics.html:481 OUT
mc_semantics.html:473 CL SET
mc_semantics.html:481 OUT
mc_semantics.html:482 R
mc_semantics.html:470 BF L26
mc_semantics.html:473 CL BE
mc_semantics.html:481 OUT
mc_semantics.html:469 BT L27
mc_semantics.html:469 BT L25
mc_semantics.html:472 CLL EX3
mc_semantics.html:478 ID
mc_semantics.html:470 BF L12
mc_semantics.html:469 BT L13
mc_semantics.html:484 SR
mc_semantics.html:470 BF L14
mc_semantics.html:469 BT L13
mc_semantics.html:485 TST .ID
mc_semantics.html:470 BF L15
mc_semantics.html:469 BT L13
mc_semantics.html:485 TST .NUMBER
mc_semantics.html:470 BF L16
mc_semantics.html:469 BT L13
mc_semantics.html:485 TST .STRING
mc_semantics.html:470 BF L17
mc_semantics.html:469 BT L13
mc_semantics.html:485 TST (
mc_semantics.html:470 BF L18
mc_semantics.html:469 BT L13
mc_semantics.html:485 TST .EMPTY
mc_semantics.html:470 BF L19
mc_semantics.html:469 BT L13
mc_semantics.html:485 TST $
mc_semantics.html:470 BF L20
mc_semantics.html:482 R
mc_semantics.html:470 BF L26
mc_semantics.html:469 BT L27
mc_semantics.html:472 CLL OUTPUT
mc_semantics.html:485 TST .OUT
mc_semantics.html:470 BF L6
mc_semantics.html:469 BT L8
mc_semantics.html:485 TST .LABEL
mc_semantics.html:470 BF L9
mc_semantics.html:470 BF L10
mc_semantics.html:482 R
mc_semantics.html:470 BF L28
mc_semantics.html:469 BT L25
mc_semantics.html:483 SET
mc_semantics.html:471 BE
mc_semantics.html:479 LB
mc_semantics.html:476 GN1
mc_semantics.html:481 OUT
mc_semantics.html:482 R
mc_semantics.html:470 BF L30
mc_semantics.html:485 TST /
mc_semantics.html:470 BF L32
mc_semantics.html:469 BT L31
mc_semantics.html:483 SET
mc_semantics.html:471 BE
mc_semantics.html:479 LB
mc_semantics.html:476 GN1
mc_semantics.html:481 OUT
mc_semantics.html:482 R
mc_semantics.html:471 BE
mc_semantics.html:485 TST .,
mc_semantics.html:471 BE
mc_semantics.html:473 CL R
mc_semantics.html:481 OUT
mc_semantics.html:482 R
mc_semantics.html:469 BT L38
mc_semantics.html:472 CLL ST
mc_semantics.html:478 ID
mc_semantics.html:470 BF L35
mc_semantics.html:479 LB
mc_semantics.html:474 CI
mc_semantics.html:481 OUT
mc_semantics.html:485 TST =
mc_semantics.html:471 BE
mc_semantics.html:472 CLL EX1
mc_semantics.html:472 CLL EX2
mc_semantics.html:472 CLL EX3
mc_semantics.html:478 ID
mc_semantics.html:470 BF L12
mc_semantics.html:469 BT L13
mc_semantics.html:484 SR
mc_semantics.html:470 BF L14
mc_semantics.html:469 BT L13
mc_semantics.html:485 TST .ID
mc_semantics.html:470 BF L15
mc_semantics.html:473 CL ID
mc_semantics.html:481 OUT
mc_semantics.html:469 BT L13
mc_semantics.html:482 R
mc_semantics.html:470 BF L21
mc_semantics.html:473 CL BF 
mc_semantics.html:476 GN1
mc_semantics.html:481 OUT
mc_semantics.html:469 BT L22
mc_semantics.html:470 BF L24
mc_semantics.html:472 CLL EX3
mc_semantics.html:478 ID
mc_semantics.html:470 BF L12
mc_semantics.html:469 BT L13
mc_semantics.html:484 SR
mc_semantics.html:470 BF L14
mc_semantics.html:469 BT L13
mc_semantics.html:485 TST .ID
mc_semantics.html:470 BF L15
mc_semantics.html:469 BT L13
mc_semantics.html:485 TST .NUMBER
mc_semantics.html:470 BF L16
mc_semantics.html:469 BT L13
mc_semantics.html:485 TST .STRING
mc_semantics.html:470 BF L17
mc_semantics.html:469 BT L13
mc_semantics.html:485 TST (
mc_semantics.html:470 BF L18
mc_semantics.html:469 BT L13
mc_semantics.html:485 TST .EMPTY
mc_semantics.html:470 BF L19
mc_semantics.html:469 BT L13
mc_semantics.html:485 TST $
mc_semantics.html:470 BF L20
mc_semantics.html:482 R
mc_semantics.html:470 BF L26
mc_semantics.html:469 BT L27
mc_semantics.html:472 CLL OUTPUT
mc_semantics.html:485 TST .OUT
mc_semantics.html:470 BF L6
mc_semantics.html:485 TST (
mc_semantics.html:471 BE
mc_semantics.html:472 CLL OUT1
mc_semantics.html:485 TST *1
mc_semantics.html:470 BF L1
mc_semantics.html:469 BT L2
mc_semantics.html:485 TST *2
mc_semantics.html:470 BF L3
mc_semantics.html:469 BT L2
mc_semantics.html:485 TST *
mc_semantics.html:470 BF L4
mc_semantics.html:469 BT L2
mc_semantics.html:484 SR
mc_semantics.html:470 BF L5
mc_semantics.html:473 CL CL 
mc_semantics.html:474 CI
mc_semantics.html:481 OUT
mc_semantics.html:482 R
mc_semantics.html:469 BT L7
mc_semantics.html:472 CLL OUT1
mc_semantics.html:485 TST *1
mc_semantics.html:470 BF L1
mc_semantics.html:469 BT L2
mc_semantics.html:485 TST *2
mc_semantics.html:470 BF L3
mc_semantics.html:469 BT L2
mc_semantics.html:485 TST *
mc_semantics.html:470 BF L4
mc_semantics.html:473 CL CI
mc_semantics.html:481 OUT
mc_semantics.html:469 BT L2
mc_semantics.html:482 R
mc_semantics.html:469 BT L7
mc_semantics.html:472 CLL OUT1
mc_semantics.html:485 TST *1
mc_semantics.html:470 BF L1
mc_semantics.html:469 BT L2
mc_semantics.html:485 TST *2
mc_semantics.html:470 BF L3
mc_semantics.html:469 BT L2
mc_semantics.html:485 TST *
mc_semantics.html:470 BF L4
mc_semantics.html:469 BT L2
mc_semantics.html:484 SR
mc_semantics.html:470 BF L5
mc_semantics.html:482 R
mc_semantics.html:469 BT L7
mc_semantics.html:483 SET
mc_semantics.html:471 BE
mc_semantics.html:485 TST )
mc_semantics.html:471 BE
mc_semantics.html:469 BT L8
mc_semantics.html:470 BF L10
mc_semantics.html:473 CL OUT
mc_semantics.html:481 OUT
mc_semantics.html:482 R
mc_semantics.html:470 BF L28
mc_semantics.html:469 BT L25
mc_semantics.html:472 CLL EX3
mc_semantics.html:478 ID
mc_semantics.html:470 BF L12
mc_semantics.html:469 BT L13
mc_semantics.html:484 SR
mc_semantics.html:470 BF L14
mc_semantics.html:473 CL TST 
mc_semantics.html:474 CI
mc_semantics.html:481 OUT
mc_semantics.html:469 BT L13
mc_semantics.html:482 R
mc_semantics.html:470 BF L26
mc_semantics.html:473 CL BE
mc_semantics.html:481 OUT
mc_semantics.html:469 BT L27
mc_semantics.html:469 BT L25
mc_semantics.html:472 CLL EX3
mc_semantics.html:478 ID
mc_semantics.html:470 BF L12
mc_semantics.html:473 CL CLL 
mc_semantics.html:474 CI
mc_semantics.html:481 OUT
mc_semantics.html:469 BT L13
mc_semantics.html:482 R
mc_semantics.html:470 BF L26
mc_semantics.html:473 CL BE
mc_semantics.html:481 OUT
mc_semantics.html:469 BT L27
mc_semantics.html:469 BT L25
mc_semantics.html:472 CLL EX3
mc_semantics.html:478 ID
mc_semantics.html:470 BF L12
mc_semantics.html:469 BT L13
mc_semantics.html:484 SR
mc_semantics.html:470 BF L14
mc_semantics.html:469 BT L13
mc_semantics.html:485 TST .ID
mc_semantics.html:470 BF L15
mc_semantics.html:469 BT L13
mc_semantics.html:485 TST .NUMBER
mc_semantics.html:470 BF L16
mc_semantics.html:469 BT L13
mc_semantics.html:485 TST .STRING
mc_semantics.html:470 BF L17
mc_semantics.html:469 BT L13
mc_semantics.html:485 TST (
mc_semantics.html:470 BF L18
mc_semantics.html:469 BT L13
mc_semantics.html:485 TST .EMPTY
mc_semantics.html:470 BF L19
mc_semantics.html:469 BT L13
mc_semantics.html:485 TST $
mc_semantics.html:470 BF L20
mc_semantics.html:482 R
mc_semantics.html:470 BF L26
mc_semantics.html:469 BT L27
mc_semantics.html:472 CLL OUTPUT
mc_semantics.html:485 TST .OUT
mc_semantics.html:470 BF L6
mc_semantics.html:485 TST (
mc_semantics.html:471 BE
mc_semantics.html:472 CLL OUT1
mc_semantics.html:485 TST *1
mc_semantics.html:470 BF L1
mc_semantics.html:469 BT L2
mc_semantics.html:485 TST *2
mc_semantics.html:470 BF L3
mc_semantics.html:469 BT L2
mc_semantics.html:485 TST *
mc_semantics.html:470 BF L4
mc_semantics.html:469 BT L2
mc_semantics.html:484 SR
mc_semantics.html:470 BF L5
mc_semantics.html:473 CL CL 
mc_semantics.html:474 CI
mc_semantics.html:481 OUT
mc_semantics.html:482 R
mc_semantics.html:469 BT L7
mc_semantics.html:472 CLL OUT1
mc_semantics.html:485 TST *1
mc_semantics.html:470 BF L1
mc_semantics.html:469 BT L2
mc_semantics.html:485 TST *2
mc_semantics.html:470 BF L3
mc_semantics.html:469 BT L2
mc_semantics.html:485 TST *
mc_semantics.html:470 BF L4
mc_semantics.html:469 BT L2
mc_semantics.html:484 SR
mc_semantics.html:470 BF L5
mc_semantics.html:482 R
mc_semantics.html:469 BT L7
mc_semantics.html:483 SET
mc_semantics.html:471 BE
mc_semantics.html:485 TST )
mc_semantics.html:471 BE
mc_semantics.html:469 BT L8
mc_semantics.html:470 BF L10
mc_semantics.html:473 CL OUT
mc_semantics.html:481 OUT
mc_semantics.html:482 R
mc_semantics.html:470 BF L28
mc_semantics.html:469 BT L25
mc_semantics.html:472 CLL EX3
mc_semantics.html:478 ID
mc_semantics.html:470 BF L12
mc_semantics.html:469 BT L13
mc_semantics.html:484 SR
mc_semantics.html:470 BF L14
mc_semantics.html:473 CL TST 
mc_semantics.html:474 CI
mc_semantics.html:481 OUT
mc_semantics.html:469 BT L13
mc_semantics.html:482 R
mc_semantics.html:470 BF L26
mc_semantics.html:473 CL BE
mc_semantics.html:481 OUT
mc_semantics.html:469 BT L27
mc_semantics.html:469 BT L25
mc_semantics.html:472 CLL EX3
mc_semantics.html:478 ID
mc_semantics.html:470 BF L12
mc_semantics.html:469 BT L13
mc_semantics.html:484 SR
mc_semantics.html:470 BF L14
mc_semantics.html:469 BT L13
mc_semantics.html:485 TST .ID
mc_semantics.html:470 BF L15
mc_semantics.html:469 BT L13
mc_semantics.html:485 TST .NUMBER
mc_semantics.html:470 BF L16
mc_semantics.html:469 BT L13
mc_semantics.html:485 TST .STRING
mc_semantics.html:470 BF L17
mc_semantics.html:469 BT L13
mc_semantics.html:485 TST (
mc_semantics.html:470 BF L18
mc_semantics.html:469 BT L13
mc_semantics.html:485 TST .EMPTY
mc_semantics.html:470 BF L19
mc_semantics.html:469 BT L13
mc_semantics.html:485 TST $
mc_semantics.html:470 BF L20
mc_semantics.html:482 R
mc_semantics.html:470 BF L26
mc_semantics.html:469 BT L27
mc_semantics.html:472 CLL OUTPUT
mc_semantics.html:485 TST .OUT
mc_semantics.html:470 BF L6
mc_semantics.html:469 BT L8
mc_semantics.html:485 TST .LABEL
mc_semantics.html:470 BF L9
mc_semantics.html:470 BF L10
mc_semantics.html:482 R
mc_semantics.html:470 BF L28
mc_semantics.html:469 BT L25
mc_semantics.html:483 SET
mc_semantics.html:471 BE
mc_semantics.html:479 LB
mc_semantics.html:476 GN1
mc_semantics.html:481 OUT
mc_semantics.html:482 R
mc_semantics.html:470 BF L30
mc_semantics.html:485 TST /
mc_semantics.html:470 BF L32
mc_semantics.html:469 BT L31
mc_semantics.html:483 SET
mc_semantics.html:471 BE
mc_semantics.html:479 LB
mc_semantics.html:476 GN1
mc_semantics.html:481 OUT
mc_semantics.html:482 R
mc_semantics.html:471 BE
mc_semantics.html:485 TST .,
mc_semantics.html:471 BE
mc_semantics.html:473 CL R
mc_semantics.html:481 OUT
mc_semantics.html:482 R
mc_semantics.html:469 BT L38
mc_semantics.html:472 CLL ST
mc_semantics.html:478 ID
mc_semantics.html:470 BF L35
mc_semantics.html:479 LB
mc_semantics.html:474 CI
mc_semantics.html:481 OUT
mc_semantics.html:485 TST =
mc_semantics.html:471 BE
mc_semantics.html:472 CLL EX1
mc_semantics.html:472 CLL EX2
mc_semantics.html:472 CLL EX3
mc_semantics.html:478 ID
mc_semantics.html:470 BF L12
mc_semantics.html:473 CL CLL 
mc_semantics.html:474 CI
mc_semantics.html:481 OUT
mc_semantics.html:469 BT L13
mc_semantics.html:482 R
mc_semantics.html:470 BF L21
mc_semantics.html:473 CL BF 
mc_semantics.html:476 GN1
mc_semantics.html:481 OUT
mc_semantics.html:469 BT L22
mc_semantics.html:470 BF L24
mc_semantics.html:472 CLL EX3
mc_semantics.html:478 ID
mc_semantics.html:470 BF L12
mc_semantics.html:469 BT L13
mc_semantics.html:484 SR
mc_semantics.html:470 BF L14
mc_semantics.html:469 BT L13
mc_semantics.html:485 TST .ID
mc_semantics.html:470 BF L15
mc_semantics.html:469 BT L13
mc_semantics.html:485 TST .NUMBER
mc_semantics.html:470 BF L16
mc_semantics.html:469 BT L13
mc_semantics.html:485 TST .STRING
mc_semantics.html:470 BF L17
mc_semantics.html:469 BT L13
mc_semantics.html:485 TST (
mc_semantics.html:470 BF L18
mc_semantics.html:469 BT L13
mc_semantics.html:485 TST .EMPTY
mc_semantics.html:470 BF L19
mc_semantics.html:469 BT L13
mc_semantics.html:485 TST $
mc_semantics.html:470 BF L20
mc_semantics.html:479 LB
mc_semantics.html:476 GN1
mc_semantics.html:481 OUT
mc_semantics.html:472 CLL EX3
mc_semantics.html:478 ID
mc_semantics.html:470 BF L12
mc_semantics.html:469 BT L13
mc_semantics.html:484 SR
mc_semantics.html:470 BF L14
mc_semantics.html:469 BT L13
mc_semantics.html:485 TST .ID
mc_semantics.html:470 BF L15
mc_semantics.html:469 BT L13
mc_semantics.html:485 TST .NUMBER
mc_semantics.html:470 BF L16
mc_semantics.html:469 BT L13
mc_semantics.html:485 TST .STRING
mc_semantics.html:470 BF L17
mc_semantics.html:469 BT L13
mc_semantics.html:485 TST (
mc_semantics.html:470 BF L18
mc_semantics.html:472 CLL EX1
mc_semantics.html:472 CLL EX2
mc_semantics.html:472 CLL EX3
mc_semantics.html:478 ID
mc_semantics.html:470 BF L12
mc_semantics.html:469 BT L13
mc_semantics.html:484 SR
mc_semantics.html:470 BF L14
mc_semantics.html:473 CL TST 
mc_semantics.html:474 CI
mc_semantics.html:481 OUT
mc_semantics.html:469 BT L13
mc_semantics.html:482 R
mc_semantics.html:470 BF L21
mc_semantics.html:473 CL BF 
mc_semantics.html:476 GN1
mc_semantics.html:481 OUT
mc_semantics.html:469 BT L22
mc_semantics.html:470 BF L24
mc_semantics.html:472 CLL EX3
mc_semantics.html:478 ID
mc_semantics.html:470 BF L12
mc_semantics.html:473 CL CLL 
mc_semantics.html:474 CI
mc_semantics.html:481 OUT
mc_semantics.html:469 BT L13
mc_semantics.html:482 R
mc_semantics.html:470 BF L26
mc_semantics.html:473 CL BE
mc_semantics.html:481 OUT
mc_semantics.html:469 BT L27
mc_semantics.html:469 BT L25
mc_semantics.html:472 CLL EX3
mc_semantics.html:478 ID
mc_semantics.html:470 BF L12
mc_semantics.html:469 BT L13
mc_semantics.html:484 SR
mc_semantics.html:470 BF L14
mc_semantics.html:469 BT L13
mc_semantics.html:485 TST .ID
mc_semantics.html:470 BF L15
mc_semantics.html:469 BT L13
mc_semantics.html:485 TST .NUMBER
mc_semantics.html:470 BF L16
mc_semantics.html:469 BT L13
mc_semantics.html:485 TST .STRING
mc_semantics.html:470 BF L17
mc_semantics.html:469 BT L13
mc_semantics.html:485 TST (
mc_semantics.html:470 BF L18
mc_semantics.html:469 BT L13
mc_semantics.html:485 TST .EMPTY
mc_semantics.html:470 BF L19
mc_semantics.html:469 BT L13
mc_semantics.html:485 TST $
mc_semantics.html:470 BF L20
mc_semantics.html:482 R
mc_semantics.html:470 BF L26
mc_semantics.html:469 BT L27
mc_semantics.html:472 CLL OUTPUT
mc_semantics.html:485 TST .OUT
mc_semantics.html:470 BF L6
mc_semantics.html:485 TST (
mc_semantics.html:471 BE
mc_semantics.html:472 CLL OUT1
mc_semantics.html:485 TST *1
mc_semantics.html:470 BF L1
mc_semantics.html:469 BT L2
mc_semantics.html:485 TST *2
mc_semantics.html:470 BF L3
mc_semantics.html:469 BT L2
mc_semantics.html:485 TST *
mc_semantics.html:470 BF L4
mc_semantics.html:469 BT L2
mc_semantics.html:484 SR
mc_semantics.html:470 BF L5
mc_semantics.html:473 CL CL 
mc_semantics.html:474 CI
mc_semantics.html:481 OUT
mc_semantics.html:482 R
mc_semantics.html:469 BT L7
mc_semantics.html:472 CLL OUT1
mc_semantics.html:485 TST *1
mc_semantics.html:470 BF L1
mc_semantics.html:469 BT L2
mc_semantics.html:485 TST *2
mc_semantics.html:470 BF L3
mc_semantics.html:469 BT L2
mc_semantics.html:485 TST *
mc_semantics.html:470 BF L4
mc_semantics.html:469 BT L2
mc_semantics.html:484 SR
mc_semantics.html:470 BF L5
mc_semantics.html:482 R
mc_semantics.html:469 BT L7
mc_semantics.html:483 SET
mc_semantics.html:471 BE
mc_semantics.html:485 TST )
mc_semantics.html:471 BE
mc_semantics.html:469 BT L8
mc_semantics.html:470 BF L10
mc_semantics.html:473 CL OUT
mc_semantics.html:481 OUT
mc_semantics.html:482 R
mc_semantics.html:470 BF L28
mc_semantics.html:469 BT L25
mc_semantics.html:472 CLL EX3
mc_semantics.html:478 ID
mc_semantics.html:470 BF L12
mc_semantics.html:469 BT L13
mc_semantics.html:484 SR
mc_semantics.html:470 BF L14
mc_semantics.html:469 BT L13
mc_semantics.html:485 TST .ID
mc_semantics.html:470 BF L15
mc_semantics.html:469 BT L13
mc_semantics.html:485 TST .NUMBER
mc_semantics.html:470 BF L16
mc_semantics.html:469 BT L13
mc_semantics.html:485 TST .STRING
mc_semantics.html:470 BF L17
mc_semantics.html:469 BT L13
mc_semantics.html:485 TST (
mc_semantics.html:470 BF L18
mc_semantics.html:469 BT L13
mc_semantics.html:485 TST .EMPTY
mc_semantics.html:470 BF L19
mc_semantics.html:469 BT L13
mc_semantics.html:485 TST $
mc_semantics.html:470 BF L20
mc_semantics.html:482 R
mc_semantics.html:470 BF L26
mc_semantics.html:469 BT L27
mc_semantics.html:472 CLL OUTPUT
mc_semantics.html:485 TST .OUT
mc_semantics.html:470 BF L6
mc_semantics.html:469 BT L8
mc_semantics.html:485 TST .LABEL
mc_semantics.html:470 BF L9
mc_semantics.html:470 BF L10
mc_semantics.html:482 R
mc_semantics.html:470 BF L28
mc_semantics.html:469 BT L25
mc_semantics.html:483 SET
mc_semantics.html:471 BE
mc_semantics.html:479 LB
mc_semantics.html:476 GN1
mc_semantics.html:481 OUT
mc_semantics.html:482 R
mc_semantics.html:470 BF L30
mc_semantics.html:485 TST /
mc_semantics.html:470 BF L32
mc_semantics.html:473 CL BT 
mc_semantics.html:476 GN1
mc_semantics.html:481 OUT
mc_semantics.html:472 CLL EX2
mc_semantics.html:472 CLL EX3
mc_semantics.html:478 ID
mc_semantics.html:470 BF L12
mc_semantics.html:469 BT L13
mc_semantics.html:484 SR
mc_semantics.html:470 BF L14
mc_semantics.html:473 CL TST 
mc_semantics.html:474 CI
mc_semantics.html:481 OUT
mc_semantics.html:469 BT L13
mc_semantics.html:482 R
mc_semantics.html:470 BF L21
mc_semantics.html:473 CL BF 
mc_semantics.html:476 GN1
mc_semantics.html:481 OUT
mc_semantics.html:469 BT L22
mc_semantics.html:470 BF L24
mc_semantics.html:472 CLL EX3
mc_semantics.html:478 ID
mc_semantics.html:470 BF L12
mc_semantics.html:473 CL CLL 
mc_semantics.html:474 CI
mc_semantics.html:481 OUT
mc_semantics.html:469 BT L13
mc_semantics.html:482 R
mc_semantics.html:470 BF L26
mc_semantics.html:473 CL BE
mc_semantics.html:481 OUT
mc_semantics.html:469 BT L27
mc_semantics.html:469 BT L25
mc_semantics.html:472 CLL EX3
mc_semantics.html:478 ID
mc_semantics.html:470 BF L12
mc_semantics.html:469 BT L13
mc_semantics.html:484 SR
mc_semantics.html:470 BF L14
mc_semantics.html:469 BT L13
mc_semantics.html:485 TST .ID
mc_semantics.html:470 BF L15
mc_semantics.html:469 BT L13
mc_semantics.html:485 TST .NUMBER
mc_semantics.html:470 BF L16
mc_semantics.html:469 BT L13
mc_semantics.html:485 TST .STRING
mc_semantics.html:470 BF L17
mc_semantics.html:469 BT L13
mc_semantics.html:485 TST (
mc_semantics.html:470 BF L18
mc_semantics.html:469 BT L13
mc_semantics.html:485 TST .EMPTY
mc_semantics.html:470 BF L19
mc_semantics.html:469 BT L13
mc_semantics.html:485 TST $
mc_semantics.html:470 BF L20
mc_semantics.html:482 R
mc_semantics.html:470 BF L26
mc_semantics.html:469 BT L27
mc_semantics.html:472 CLL OUTPUT
mc_semantics.html:485 TST .OUT
mc_semantics.html:470 BF L6
mc_semantics.html:485 TST (
mc_semantics.html:471 BE
mc_semantics.html:472 CLL OUT1
mc_semantics.html:485 TST *1
mc_semantics.html:470 BF L1
mc_semantics.html:469 BT L2
mc_semantics.html:485 TST *2
mc_semantics.html:470 BF L3
mc_semantics.html:469 BT L2
mc_semantics.html:485 TST *
mc_semantics.html:470 BF L4
mc_semantics.html:469 BT L2
mc_semantics.html:484 SR
mc_semantics.html:470 BF L5
mc_semantics.html:473 CL CL 
mc_semantics.html:474 CI
mc_semantics.html:481 OUT
mc_semantics.html:482 R
mc_semantics.html:469 BT L7
mc_semantics.html:472 CLL OUT1
mc_semantics.html:485 TST *1
mc_semantics.html:470 BF L1
mc_semantics.html:469 BT L2
mc_semantics.html:485 TST *2
mc_semantics.html:470 BF L3
mc_semantics.html:469 BT L2
mc_semantics.html:485 TST *
mc_semantics.html:470 BF L4
mc_semantics.html:469 BT L2
mc_semantics.html:484 SR
mc_semantics.html:470 BF L5
mc_semantics.html:482 R
mc_semantics.html:469 BT L7
mc_semantics.html:483 SET
mc_semantics.html:471 BE
mc_semantics.html:485 TST )
mc_semantics.html:471 BE
mc_semantics.html:469 BT L8
mc_semantics.html:470 BF L10
mc_semantics.html:473 CL OUT
mc_semantics.html:481 OUT
mc_semantics.html:482 R
mc_semantics.html:470 BF L28
mc_semantics.html:469 BT L25
mc_semantics.html:472 CLL EX3
mc_semantics.html:478 ID
mc_semantics.html:470 BF L12
mc_semantics.html:469 BT L13
mc_semantics.html:484 SR
mc_semantics.html:470 BF L14
mc_semantics.html:469 BT L13
mc_semantics.html:485 TST .ID
mc_semantics.html:470 BF L15
mc_semantics.html:469 BT L13
mc_semantics.html:485 TST .NUMBER
mc_semantics.html:470 BF L16
mc_semantics.html:469 BT L13
mc_semantics.html:485 TST .STRING
mc_semantics.html:470 BF L17
mc_semantics.html:469 BT L13
mc_semantics.html:485 TST (
mc_semantics.html:470 BF L18
mc_semantics.html:469 BT L13
mc_semantics.html:485 TST .EMPTY
mc_semantics.html:470 BF L19
mc_semantics.html:469 BT L13
mc_semantics.html:485 TST $
mc_semantics.html:470 BF L20
mc_semantics.html:482 R
mc_semantics.html:470 BF L26
mc_semantics.html:469 BT L27
mc_semantics.html:472 CLL OUTPUT
mc_semantics.html:485 TST .OUT
mc_semantics.html:470 BF L6
mc_semantics.html:469 BT L8
mc_semantics.html:485 TST .LABEL
mc_semantics.html:470 BF L9
mc_semantics.html:470 BF L10
mc_semantics.html:482 R
mc_semantics.html:470 BF L28
mc_semantics.html:469 BT L25
mc_semantics.html:483 SET
mc_semantics.html:471 BE
mc_semantics.html:479 LB
mc_semantics.html:476 GN1
mc_semantics.html:481 OUT
mc_semantics.html:482 R
mc_semantics.html:471 BE
mc_semantics.html:469 BT L31
mc_semantics.html:485 TST /
mc_semantics.html:470 BF L32
mc_semantics.html:469 BT L31
mc_semantics.html:483 SET
mc_semantics.html:471 BE
mc_semantics.html:479 LB
mc_semantics.html:476 GN1
mc_semantics.html:481 OUT
mc_semantics.html:482 R
mc_semantics.html:471 BE
mc_semantics.html:485 TST )
mc_semantics.html:471 BE
mc_semantics.html:469 BT L13
mc_semantics.html:482 R
mc_semantics.html:471 BE
mc_semantics.html:473 CL BT 
mc_semantics.html:476 GN1
mc_semantics.html:481 OUT
mc_semantics.html:473 CL SET
mc_semantics.html:481 OUT
mc_semantics.html:482 R
mc_semantics.html:470 BF L26
mc_semantics.html:473 CL BE
mc_semantics.html:481 OUT
mc_semantics.html:469 BT L27
mc_semantics.html:469 BT L25
mc_semantics.html:472 CLL EX3
mc_semantics.html:478 ID
mc_semantics.html:470 BF L12
mc_semantics.html:469 BT L13
mc_semantics.html:484 SR
mc_semantics.html:470 BF L14
mc_semantics.html:469 BT L13
mc_semantics.html:485 TST .ID
mc_semantics.html:470 BF L15
mc_semantics.html:469 BT L13
mc_semantics.html:485 TST .NUMBER
mc_semantics.html:470 BF L16
mc_semantics.html:469 BT L13
mc_semantics.html:485 TST .STRING
mc_semantics.html:470 BF L17
mc_semantics.html:469 BT L13
mc_semantics.html:485 TST (
mc_semantics.html:470 BF L18
mc_semantics.html:469 BT L13
mc_semantics.html:485 TST .EMPTY
mc_semantics.html:470 BF L19
mc_semantics.html:469 BT L13
mc_semantics.html:485 TST $
mc_semantics.html:470 BF L20
mc_semantics.html:482 R
mc_semantics.html:470 BF L26
mc_semantics.html:469 BT L27
mc_semantics.html:472 CLL OUTPUT
mc_semantics.html:485 TST .OUT
mc_semantics.html:470 BF L6
mc_semantics.html:469 BT L8
mc_semantics.html:485 TST .LABEL
mc_semantics.html:470 BF L9
mc_semantics.html:470 BF L10
mc_semantics.html:482 R
mc_semantics.html:470 BF L28
mc_semantics.html:469 BT L25
mc_semantics.html:483 SET
mc_semantics.html:471 BE
mc_semantics.html:479 LB
mc_semantics.html:476 GN1
mc_semantics.html:481 OUT
mc_semantics.html:482 R
mc_semantics.html:470 BF L30
mc_semantics.html:485 TST /
mc_semantics.html:470 BF L32
mc_semantics.html:469 BT L31
mc_semantics.html:483 SET
mc_semantics.html:471 BE
mc_semantics.html:479 LB
mc_semantics.html:476 GN1
mc_semantics.html:481 OUT
mc_semantics.html:482 R
mc_semantics.html:471 BE
mc_semantics.html:485 TST .,
mc_semantics.html:471 BE
mc_semantics.html:473 CL R
mc_semantics.html:481 OUT
mc_semantics.html:482 R
mc_semantics.html:469 BT L38
mc_semantics.html:472 CLL ST
mc_semantics.html:478 ID
mc_semantics.html:470 BF L35
mc_semantics.html:479 LB
mc_semantics.html:474 CI
mc_semantics.html:481 OUT
mc_semantics.html:485 TST =
mc_semantics.html:471 BE
mc_semantics.html:472 CLL EX1
mc_semantics.html:472 CLL EX2
mc_semantics.html:472 CLL EX3
mc_semantics.html:478 ID
mc_semantics.html:470 BF L12
mc_semantics.html:473 CL CLL 
mc_semantics.html:474 CI
mc_semantics.html:481 OUT
mc_semantics.html:469 BT L13
mc_semantics.html:482 R
mc_semantics.html:470 BF L21
mc_semantics.html:473 CL BF 
mc_semantics.html:476 GN1
mc_semantics.html:481 OUT
mc_semantics.html:469 BT L22
mc_semantics.html:470 BF L24
mc_semantics.html:472 CLL EX3
mc_semantics.html:478 ID
mc_semantics.html:470 BF L12
mc_semantics.html:469 BT L13
mc_semantics.html:484 SR
mc_semantics.html:470 BF L14
mc_semantics.html:469 BT L13
mc_semantics.html:485 TST .ID
mc_semantics.html:470 BF L15
mc_semantics.html:469 BT L13
mc_semantics.html:485 TST .NUMBER
mc_semantics.html:470 BF L16
mc_semantics.html:469 BT L13
mc_semantics.html:485 TST .STRING
mc_semantics.html:470 BF L17
mc_semantics.html:469 BT L13
mc_semantics.html:485 TST (
mc_semantics.html:470 BF L18
mc_semantics.html:469 BT L13
mc_semantics.html:485 TST .EMPTY
mc_semantics.html:470 BF L19
mc_semantics.html:469 BT L13
mc_semantics.html:485 TST $
mc_semantics.html:470 BF L20
mc_semantics.html:479 LB
mc_semantics.html:476 GN1
mc_semantics.html:481 OUT
mc_semantics.html:472 CLL EX3
mc_semantics.html:478 ID
mc_semantics.html:470 BF L12
mc_semantics.html:469 BT L13
mc_semantics.html:484 SR
mc_semantics.html:470 BF L14
mc_semantics.html:469 BT L13
mc_semantics.html:485 TST .ID
mc_semantics.html:470 BF L15
mc_semantics.html:469 BT L13
mc_semantics.html:485 TST .NUMBER
mc_semantics.html:470 BF L16
mc_semantics.html:469 BT L13
mc_semantics.html:485 TST .STRING
mc_semantics.html:470 BF L17
mc_semantics.html:469 BT L13
mc_semantics.html:485 TST (
mc_semantics.html:470 BF L18
mc_semantics.html:472 CLL EX1
mc_semantics.html:472 CLL EX2
mc_semantics.html:472 CLL EX3
mc_semantics.html:478 ID
mc_semantics.html:470 BF L12
mc_semantics.html:469 BT L13
mc_semantics.html:484 SR
mc_semantics.html:470 BF L14
mc_semantics.html:473 CL TST 
mc_semantics.html:474 CI
mc_semantics.html:481 OUT
mc_semantics.html:469 BT L13
mc_semantics.html:482 R
mc_semantics.html:470 BF L21
mc_semantics.html:473 CL BF 
mc_semantics.html:476 GN1
mc_semantics.html:481 OUT
mc_semantics.html:469 BT L22
mc_semantics.html:470 BF L24
mc_semantics.html:472 CLL EX3
mc_semantics.html:478 ID
mc_semantics.html:470 BF L12
mc_semantics.html:473 CL CLL 
mc_semantics.html:474 CI
mc_semantics.html:481 OUT
mc_semantics.html:469 BT L13
mc_semantics.html:482 R
mc_semantics.html:470 BF L26
mc_semantics.html:473 CL BE
mc_semantics.html:481 OUT
mc_semantics.html:469 BT L27
mc_semantics.html:469 BT L25
mc_semantics.html:472 CLL EX3
mc_semantics.html:478 ID
mc_semantics.html:470 BF L12
mc_semantics.html:469 BT L13
mc_semantics.html:484 SR
mc_semantics.html:470 BF L14
mc_semantics.html:469 BT L13
mc_semantics.html:485 TST .ID
mc_semantics.html:470 BF L15
mc_semantics.html:469 BT L13
mc_semantics.html:485 TST .NUMBER
mc_semantics.html:470 BF L16
mc_semantics.html:469 BT L13
mc_semantics.html:485 TST .STRING
mc_semantics.html:470 BF L17
mc_semantics.html:469 BT L13
mc_semantics.html:485 TST (
mc_semantics.html:470 BF L18
mc_semantics.html:469 BT L13
mc_semantics.html:485 TST .EMPTY
mc_semantics.html:470 BF L19
mc_semantics.html:469 BT L13
mc_semantics.html:485 TST $
mc_semantics.html:470 BF L20
mc_semantics.html:482 R
mc_semantics.html:470 BF L26
mc_semantics.html:469 BT L27
mc_semantics.html:472 CLL OUTPUT
mc_semantics.html:485 TST .OUT
mc_semantics.html:470 BF L6
mc_semantics.html:485 TST (
mc_semantics.html:471 BE
mc_semantics.html:472 CLL OUT1
mc_semantics.html:485 TST *1
mc_semantics.html:470 BF L1
mc_semantics.html:469 BT L2
mc_semantics.html:485 TST *2
mc_semantics.html:470 BF L3
mc_semantics.html:469 BT L2
mc_semantics.html:485 TST *
mc_semantics.html:470 BF L4
mc_semantics.html:469 BT L2
mc_semantics.html:484 SR
mc_semantics.html:470 BF L5
mc_semantics.html:473 CL CL 
mc_semantics.html:474 CI
mc_semantics.html:481 OUT
mc_semantics.html:482 R
mc_semantics.html:469 BT L7
mc_semantics.html:472 CLL OUT1
mc_semantics.html:485 TST *1
mc_semantics.html:470 BF L1
mc_semantics.html:469 BT L2
mc_semantics.html:485 TST *2
mc_semantics.html:470 BF L3
mc_semantics.html:469 BT L2
mc_semantics.html:485 TST *
mc_semantics.html:470 BF L4
mc_semantics.html:469 BT L2
mc_semantics.html:484 SR
mc_semantics.html:470 BF L5
mc_semantics.html:482 R
mc_semantics.html:469 BT L7
mc_semantics.html:483 SET
mc_semantics.html:471 BE
mc_semantics.html:485 TST )
mc_semantics.html:471 BE
mc_semantics.html:469 BT L8
mc_semantics.html:470 BF L10
mc_semantics.html:473 CL OUT
mc_semantics.html:481 OUT
mc_semantics.html:482 R
mc_semantics.html:470 BF L28
mc_semantics.html:469 BT L25
mc_semantics.html:472 CLL EX3
mc_semantics.html:478 ID
mc_semantics.html:470 BF L12
mc_semantics.html:469 BT L13
mc_semantics.html:484 SR
mc_semantics.html:470 BF L14
mc_semantics.html:469 BT L13
mc_semantics.html:485 TST .ID
mc_semantics.html:470 BF L15
mc_semantics.html:469 BT L13
mc_semantics.html:485 TST .NUMBER
mc_semantics.html:470 BF L16
mc_semantics.html:469 BT L13
mc_semantics.html:485 TST .STRING
mc_semantics.html:470 BF L17
mc_semantics.html:469 BT L13
mc_semantics.html:485 TST (
mc_semantics.html:470 BF L18
mc_semantics.html:469 BT L13
mc_semantics.html:485 TST .EMPTY
mc_semantics.html:470 BF L19
mc_semantics.html:469 BT L13
mc_semantics.html:485 TST $
mc_semantics.html:470 BF L20
mc_semantics.html:482 R
mc_semantics.html:470 BF L26
mc_semantics.html:469 BT L27
mc_semantics.html:472 CLL OUTPUT
mc_semantics.html:485 TST .OUT
mc_semantics.html:470 BF L6
mc_semantics.html:469 BT L8
mc_semantics.html:485 TST .LABEL
mc_semantics.html:470 BF L9
mc_semantics.html:470 BF L10
mc_semantics.html:482 R
mc_semantics.html:470 BF L28
mc_semantics.html:469 BT L25
mc_semantics.html:483 SET
mc_semantics.html:471 BE
mc_semantics.html:479 LB
mc_semantics.html:476 GN1
mc_semantics.html:481 OUT
mc_semantics.html:482 R
mc_semantics.html:470 BF L30
mc_semantics.html:485 TST /
mc_semantics.html:470 BF L32
mc_semantics.html:473 CL BT 
mc_semantics.html:476 GN1
mc_semantics.html:481 OUT
mc_semantics.html:472 CLL EX2
mc_semantics.html:472 CLL EX3
mc_semantics.html:478 ID
mc_semantics.html:470 BF L12
mc_semantics.html:469 BT L13
mc_semantics.html:484 SR
mc_semantics.html:470 BF L14
mc_semantics.html:473 CL TST 
mc_semantics.html:474 CI
mc_semantics.html:481 OUT
mc_semantics.html:469 BT L13
mc_semantics.html:482 R
mc_semantics.html:470 BF L21
mc_semantics.html:473 CL BF 
mc_semantics.html:476 GN1
mc_semantics.html:481 OUT
mc_semantics.html:469 BT L22
mc_semantics.html:470 BF L24
mc_semantics.html:472 CLL EX3
mc_semantics.html:478 ID
mc_semantics.html:470 BF L12
mc_semantics.html:473 CL CLL 
mc_semantics.html:474 CI
mc_semantics.html:481 OUT
mc_semantics.html:469 BT L13
mc_semantics.html:482 R
mc_semantics.html:470 BF L26
mc_semantics.html:473 CL BE
mc_semantics.html:481 OUT
mc_semantics.html:469 BT L27
mc_semantics.html:469 BT L25
mc_semantics.html:472 CLL EX3
mc_semantics.html:478 ID
mc_semantics.html:470 BF L12
mc_semantics.html:469 BT L13
mc_semantics.html:484 SR
mc_semantics.html:470 BF L14
mc_semantics.html:469 BT L13
mc_semantics.html:485 TST .ID
mc_semantics.html:470 BF L15
mc_semantics.html:469 BT L13
mc_semantics.html:485 TST .NUMBER
mc_semantics.html:470 BF L16
mc_semantics.html:469 BT L13
mc_semantics.html:485 TST .STRING
mc_semantics.html:470 BF L17
mc_semantics.html:469 BT L13
mc_semantics.html:485 TST (
mc_semantics.html:470 BF L18
mc_semantics.html:469 BT L13
mc_semantics.html:485 TST .EMPTY
mc_semantics.html:470 BF L19
mc_semantics.html:469 BT L13
mc_semantics.html:485 TST $
mc_semantics.html:470 BF L20
mc_semantics.html:482 R
mc_semantics.html:470 BF L26
mc_semantics.html:469 BT L27
mc_semantics.html:472 CLL OUTPUT
mc_semantics.html:485 TST .OUT
mc_semantics.html:470 BF L6
mc_semantics.html:485 TST (
mc_semantics.html:471 BE
mc_semantics.html:472 CLL OUT1
mc_semantics.html:485 TST *1
mc_semantics.html:470 BF L1
mc_semantics.html:469 BT L2
mc_semantics.html:485 TST *2
mc_semantics.html:470 BF L3
mc_semantics.html:469 BT L2
mc_semantics.html:485 TST *
mc_semantics.html:470 BF L4
mc_semantics.html:469 BT L2
mc_semantics.html:484 SR
mc_semantics.html:470 BF L5
mc_semantics.html:473 CL CL 
mc_semantics.html:474 CI
mc_semantics.html:481 OUT
mc_semantics.html:482 R
mc_semantics.html:469 BT L7
mc_semantics.html:472 CLL OUT1
mc_semantics.html:485 TST *1
mc_semantics.html:470 BF L1
mc_semantics.html:469 BT L2
mc_semantics.html:485 TST *2
mc_semantics.html:470 BF L3
mc_semantics.html:469 BT L2
mc_semantics.html:485 TST *
mc_semantics.html:470 BF L4
mc_semantics.html:469 BT L2
mc_semantics.html:484 SR
mc_semantics.html:470 BF L5
mc_semantics.html:482 R
mc_semantics.html:469 BT L7
mc_semantics.html:483 SET
mc_semantics.html:471 BE
mc_semantics.html:485 TST )
mc_semantics.html:471 BE
mc_semantics.html:469 BT L8
mc_semantics.html:470 BF L10
mc_semantics.html:473 CL OUT
mc_semantics.html:481 OUT
mc_semantics.html:482 R
mc_semantics.html:470 BF L28
mc_semantics.html:469 BT L25
mc_semantics.html:472 CLL EX3
mc_semantics.html:478 ID
mc_semantics.html:470 BF L12
mc_semantics.html:469 BT L13
mc_semantics.html:484 SR
mc_semantics.html:470 BF L14
mc_semantics.html:469 BT L13
mc_semantics.html:485 TST .ID
mc_semantics.html:470 BF L15
mc_semantics.html:469 BT L13
mc_semantics.html:485 TST .NUMBER
mc_semantics.html:470 BF L16
mc_semantics.html:469 BT L13
mc_semantics.html:485 TST .STRING
mc_semantics.html:470 BF L17
mc_semantics.html:469 BT L13
mc_semantics.html:485 TST (
mc_semantics.html:470 BF L18
mc_semantics.html:469 BT L13
mc_semantics.html:485 TST .EMPTY
mc_semantics.html:470 BF L19
mc_semantics.html:469 BT L13
mc_semantics.html:485 TST $
mc_semantics.html:470 BF L20
mc_semantics.html:482 R
mc_semantics.html:470 BF L26
mc_semantics.html:469 BT L27
mc_semantics.html:472 CLL OUTPUT
mc_semantics.html:485 TST .OUT
mc_semantics.html:470 BF L6
mc_semantics.html:469 BT L8
mc_semantics.html:485 TST .LABEL
mc_semantics.html:470 BF L9
mc_semantics.html:470 BF L10
mc_semantics.html:482 R
mc_semantics.html:470 BF L28
mc_semantics.html:469 BT L25
mc_semantics.html:483 SET
mc_semantics.html:471 BE
mc_semantics.html:479 LB
mc_semantics.html:476 GN1
mc_semantics.html:481 OUT
mc_semantics.html:482 R
mc_semantics.html:471 BE
mc_semantics.html:469 BT L31
mc_semantics.html:485 TST /
mc_semantics.html:470 BF L32
mc_semantics.html:469 BT L31
mc_semantics.html:483 SET
mc_semantics.html:471 BE
mc_semantics.html:479 LB
mc_semantics.html:476 GN1
mc_semantics.html:481 OUT
mc_semantics.html:482 R
mc_semantics.html:471 BE
mc_semantics.html:485 TST )
mc_semantics.html:471 BE
mc_semantics.html:469 BT L13
mc_semantics.html:482 R
mc_semantics.html:471 BE
mc_semantics.html:473 CL BT 
mc_semantics.html:476 GN1
mc_semantics.html:481 OUT
mc_semantics.html:473 CL SET
mc_semantics.html:481 OUT
mc_semantics.html:482 R
mc_semantics.html:470 BF L26
mc_semantics.html:473 CL BE
mc_semantics.html:481 OUT
mc_semantics.html:469 BT L27
mc_semantics.html:469 BT L25
mc_semantics.html:472 CLL EX3
mc_semantics.html:478 ID
mc_semantics.html:470 BF L12
mc_semantics.html:469 BT L13
mc_semantics.html:484 SR
mc_semantics.html:470 BF L14
mc_semantics.html:469 BT L13
mc_semantics.html:485 TST .ID
mc_semantics.html:470 BF L15
mc_semantics.html:469 BT L13
mc_semantics.html:485 TST .NUMBER
mc_semantics.html:470 BF L16
mc_semantics.html:469 BT L13
mc_semantics.html:485 TST .STRING
mc_semantics.html:470 BF L17
mc_semantics.html:469 BT L13
mc_semantics.html:485 TST (
mc_semantics.html:470 BF L18
mc_semantics.html:469 BT L13
mc_semantics.html:485 TST .EMPTY
mc_semantics.html:470 BF L19
mc_semantics.html:469 BT L13
mc_semantics.html:485 TST $
mc_semantics.html:470 BF L20
mc_semantics.html:482 R
mc_semantics.html:470 BF L26
mc_semantics.html:469 BT L27
mc_semantics.html:472 CLL OUTPUT
mc_semantics.html:485 TST .OUT
mc_semantics.html:470 BF L6
mc_semantics.html:469 BT L8
mc_semantics.html:485 TST .LABEL
mc_semantics.html:470 BF L9
mc_semantics.html:470 BF L10
mc_semantics.html:482 R
mc_semantics.html:470 BF L28
mc_semantics.html:469 BT L25
mc_semantics.html:483 SET
mc_semantics.html:471 BE
mc_semantics.html:479 LB
mc_semantics.html:476 GN1
mc_semantics.html:481 OUT
mc_semantics.html:482 R
mc_semantics.html:470 BF L30
mc_semantics.html:485 TST /
mc_semantics.html:470 BF L32
mc_semantics.html:469 BT L31
mc_semantics.html:483 SET
mc_semantics.html:471 BE
mc_semantics.html:479 LB
mc_semantics.html:476 GN1
mc_semantics.html:481 OUT
mc_semantics.html:482 R
mc_semantics.html:471 BE
mc_semantics.html:485 TST .,
mc_semantics.html:471 BE
mc_semantics.html:473 CL R
mc_semantics.html:481 OUT
mc_semantics.html:482 R
mc_semantics.html:469 BT L38
mc_semantics.html:472 CLL ST
mc_semantics.html:478 ID
mc_semantics.html:470 BF L35
mc_semantics.html:479 LB
mc_semantics.html:474 CI
mc_semantics.html:481 OUT
mc_semantics.html:485 TST =
mc_semantics.html:471 BE
mc_semantics.html:472 CLL EX1
mc_semantics.html:472 CLL EX2
mc_semantics.html:472 CLL EX3
mc_semantics.html:478 ID
mc_semantics.html:470 BF L12
mc_semantics.html:473 CL CLL 
mc_semantics.html:474 CI
mc_semantics.html:481 OUT
mc_semantics.html:469 BT L13
mc_semantics.html:482 R
mc_semantics.html:470 BF L21
mc_semantics.html:473 CL BF 
mc_semantics.html:476 GN1
mc_semantics.html:481 OUT
mc_semantics.html:469 BT L22
mc_semantics.html:470 BF L24
mc_semantics.html:472 CLL EX3
mc_semantics.html:478 ID
mc_semantics.html:470 BF L12
mc_semantics.html:469 BT L13
mc_semantics.html:484 SR
mc_semantics.html:470 BF L14
mc_semantics.html:469 BT L13
mc_semantics.html:485 TST .ID
mc_semantics.html:470 BF L15
mc_semantics.html:469 BT L13
mc_semantics.html:485 TST .NUMBER
mc_semantics.html:470 BF L16
mc_semantics.html:469 BT L13
mc_semantics.html:485 TST .STRING
mc_semantics.html:470 BF L17
mc_semantics.html:469 BT L13
mc_semantics.html:485 TST (
mc_semantics.html:470 BF L18
mc_semantics.html:469 BT L13
mc_semantics.html:485 TST .EMPTY
mc_semantics.html:470 BF L19
mc_semantics.html:469 BT L13
mc_semantics.html:485 TST $
mc_semantics.html:470 BF L20
mc_semantics.html:479 LB
mc_semantics.html:476 GN1
mc_semantics.html:481 OUT
mc_semantics.html:472 CLL EX3
mc_semantics.html:478 ID
mc_semantics.html:470 BF L12
mc_semantics.html:469 BT L13
mc_semantics.html:484 SR
mc_semantics.html:470 BF L14
mc_semantics.html:469 BT L13
mc_semantics.html:485 TST .ID
mc_semantics.html:470 BF L15
mc_semantics.html:469 BT L13
mc_semantics.html:485 TST .NUMBER
mc_semantics.html:470 BF L16
mc_semantics.html:469 BT L13
mc_semantics.html:485 TST .STRING
mc_semantics.html:470 BF L17
mc_semantics.html:469 BT L13
mc_semantics.html:485 TST (
mc_semantics.html:470 BF L18
mc_semantics.html:472 CLL EX1
mc_semantics.html:472 CLL EX2
mc_semantics.html:472 CLL EX3
mc_semantics.html:478 ID
mc_semantics.html:470 BF L12
mc_semantics.html:469 BT L13
mc_semantics.html:484 SR
mc_semantics.html:470 BF L14
mc_semantics.html:473 CL TST 
mc_semantics.html:474 CI
mc_semantics.html:481 OUT
mc_semantics.html:469 BT L13
mc_semantics.html:482 R
mc_semantics.html:470 BF L21
mc_semantics.html:473 CL BF 
mc_semantics.html:476 GN1
mc_semantics.html:481 OUT
mc_semantics.html:469 BT L22
mc_semantics.html:470 BF L24
mc_semantics.html:472 CLL EX3
mc_semantics.html:478 ID
mc_semantics.html:470 BF L12
mc_semantics.html:473 CL CLL 
mc_semantics.html:474 CI
mc_semantics.html:481 OUT
mc_semantics.html:469 BT L13
mc_semantics.html:482 R
mc_semantics.html:470 BF L26
mc_semantics.html:473 CL BE
mc_semantics.html:481 OUT
mc_semantics.html:469 BT L27
mc_semantics.html:469 BT L25
mc_semantics.html:472 CLL EX3
mc_semantics.html:478 ID
mc_semantics.html:470 BF L12
mc_semantics.html:469 BT L13
mc_semantics.html:484 SR
mc_semantics.html:470 BF L14
mc_semantics.html:469 BT L13
mc_semantics.html:485 TST .ID
mc_semantics.html:470 BF L15
mc_semantics.html:469 BT L13
mc_semantics.html:485 TST .NUMBER
mc_semantics.html:470 BF L16
mc_semantics.html:469 BT L13
mc_semantics.html:485 TST .STRING
mc_semantics.html:470 BF L17
mc_semantics.html:469 BT L13
mc_semantics.html:485 TST (
mc_semantics.html:470 BF L18
mc_semantics.html:469 BT L13
mc_semantics.html:485 TST .EMPTY
mc_semantics.html:470 BF L19
mc_semantics.html:469 BT L13
mc_semantics.html:485 TST $
mc_semantics.html:470 BF L20
mc_semantics.html:482 R
mc_semantics.html:470 BF L26
mc_semantics.html:469 BT L27
mc_semantics.html:472 CLL OUTPUT
mc_semantics.html:485 TST .OUT
mc_semantics.html:470 BF L6
mc_semantics.html:485 TST (
mc_semantics.html:471 BE
mc_semantics.html:472 CLL OUT1
mc_semantics.html:485 TST *1
mc_semantics.html:470 BF L1
mc_semantics.html:469 BT L2
mc_semantics.html:485 TST *2
mc_semantics.html:470 BF L3
mc_semantics.html:469 BT L2
mc_semantics.html:485 TST *
mc_semantics.html:470 BF L4
mc_semantics.html:469 BT L2
mc_semantics.html:484 SR
mc_semantics.html:470 BF L5
mc_semantics.html:473 CL CL 
mc_semantics.html:474 CI
mc_semantics.html:481 OUT
mc_semantics.html:482 R
mc_semantics.html:469 BT L7
mc_semantics.html:472 CLL OUT1
mc_semantics.html:485 TST *1
mc_semantics.html:470 BF L1
mc_semantics.html:469 BT L2
mc_semantics.html:485 TST *2
mc_semantics.html:470 BF L3
mc_semantics.html:469 BT L2
mc_semantics.html:485 TST *
mc_semantics.html:470 BF L4
mc_semantics.html:469 BT L2
mc_semantics.html:484 SR
mc_semantics.html:470 BF L5
mc_semantics.html:482 R
mc_semantics.html:469 BT L7
mc_semantics.html:483 SET
mc_semantics.html:471 BE
mc_semantics.html:485 TST )
mc_semantics.html:471 BE
mc_semantics.html:469 BT L8
mc_semantics.html:470 BF L10
mc_semantics.html:473 CL OUT
mc_semantics.html:481 OUT
mc_semantics.html:482 R
mc_semantics.html:470 BF L28
mc_semantics.html:469 BT L25
mc_semantics.html:472 CLL EX3
mc_semantics.html:478 ID
mc_semantics.html:470 BF L12
mc_semantics.html:469 BT L13
mc_semantics.html:484 SR
mc_semantics.html:470 BF L14
mc_semantics.html:469 BT L13
mc_semantics.html:485 TST .ID
mc_semantics.html:470 BF L15
mc_semantics.html:469 BT L13
mc_semantics.html:485 TST .NUMBER
mc_semantics.html:470 BF L16
mc_semantics.html:469 BT L13
mc_semantics.html:485 TST .STRING
mc_semantics.html:470 BF L17
mc_semantics.html:469 BT L13
mc_semantics.html:485 TST (
mc_semantics.html:470 BF L18
mc_semantics.html:469 BT L13
mc_semantics.html:485 TST .EMPTY
mc_semantics.html:470 BF L19
mc_semantics.html:469 BT L13
mc_semantics.html:485 TST $
mc_semantics.html:470 BF L20
mc_semantics.html:482 R
mc_semantics.html:470 BF L26
mc_semantics.html:469 BT L27
mc_semantics.html:472 CLL OUTPUT
mc_semantics.html:485 TST .OUT
mc_semantics.html:470 BF L6
mc_semantics.html:469 BT L8
mc_semantics.html:485 TST .LABEL
mc_semantics.html:470 BF L9
mc_semantics.html:470 BF L10
mc_semantics.html:482 R
mc_semantics.html:470 BF L28
mc_semantics.html:469 BT L25
mc_semantics.html:483 SET
mc_semantics.html:471 BE
mc_semantics.html:479 LB
mc_semantics.html:476 GN1
mc_semantics.html:481 OUT
mc_semantics.html:482 R
mc_semantics.html:470 BF L30
mc_semantics.html:485 TST /
mc_semantics.html:470 BF L32
mc_semantics.html:469 BT L31
mc_semantics.html:483 SET
mc_semantics.html:471 BE
mc_semantics.html:479 LB
mc_semantics.html:476 GN1
mc_semantics.html:481 OUT
mc_semantics.html:482 R
mc_semantics.html:471 BE
mc_semantics.html:485 TST )
mc_semantics.html:471 BE
mc_semantics.html:469 BT L13
mc_semantics.html:482 R
mc_semantics.html:471 BE
mc_semantics.html:473 CL BT 
mc_semantics.html:476 GN1
mc_semantics.html:481 OUT
mc_semantics.html:473 CL SET
mc_semantics.html:481 OUT
mc_semantics.html:482 R
mc_semantics.html:470 BF L26
mc_semantics.html:473 CL BE
mc_semantics.html:481 OUT
mc_semantics.html:469 BT L27
mc_semantics.html:469 BT L25
mc_semantics.html:472 CLL EX3
mc_semantics.html:478 ID
mc_semantics.html:470 BF L12
mc_semantics.html:469 BT L13
mc_semantics.html:484 SR
mc_semantics.html:470 BF L14
mc_semantics.html:469 BT L13
mc_semantics.html:485 TST .ID
mc_semantics.html:470 BF L15
mc_semantics.html:469 BT L13
mc_semantics.html:485 TST .NUMBER
mc_semantics.html:470 BF L16
mc_semantics.html:469 BT L13
mc_semantics.html:485 TST .STRING
mc_semantics.html:470 BF L17
mc_semantics.html:469 BT L13
mc_semantics.html:485 TST (
mc_semantics.html:470 BF L18
mc_semantics.html:469 BT L13
mc_semantics.html:485 TST .EMPTY
mc_semantics.html:470 BF L19
mc_semantics.html:469 BT L13
mc_semantics.html:485 TST $
mc_semantics.html:470 BF L20
mc_semantics.html:482 R
mc_semantics.html:470 BF L26
mc_semantics.html:469 BT L27
mc_semantics.html:472 CLL OUTPUT
mc_semantics.html:485 TST .OUT
mc_semantics.html:470 BF L6
mc_semantics.html:469 BT L8
mc_semantics.html:485 TST .LABEL
mc_semantics.html:470 BF L9
mc_semantics.html:470 BF L10
mc_semantics.html:482 R
mc_semantics.html:470 BF L28
mc_semantics.html:469 BT L25
mc_semantics.html:483 SET
mc_semantics.html:471 BE
mc_semantics.html:479 LB
mc_semantics.html:476 GN1
mc_semantics.html:481 OUT
mc_semantics.html:482 R
mc_semantics.html:470 BF L30
mc_semantics.html:485 TST /
mc_semantics.html:470 BF L32
mc_semantics.html:469 BT L31
mc_semantics.html:483 SET
mc_semantics.html:471 BE
mc_semantics.html:479 LB
mc_semantics.html:476 GN1
mc_semantics.html:481 OUT
mc_semantics.html:482 R
mc_semantics.html:471 BE
mc_semantics.html:485 TST .,
mc_semantics.html:471 BE
mc_semantics.html:473 CL R
mc_semantics.html:481 OUT
mc_semantics.html:482 R
mc_semantics.html:469 BT L38
mc_semantics.html:472 CLL ST
mc_semantics.html:478 ID
mc_semantics.html:470 BF L35
mc_semantics.html:479 LB
mc_semantics.html:474 CI
mc_semantics.html:481 OUT
mc_semantics.html:485 TST =
mc_semantics.html:471 BE
mc_semantics.html:472 CLL EX1
mc_semantics.html:472 CLL EX2
mc_semantics.html:472 CLL EX3
mc_semantics.html:478 ID
mc_semantics.html:470 BF L12
mc_semantics.html:469 BT L13
mc_semantics.html:484 SR
mc_semantics.html:470 BF L14
mc_semantics.html:473 CL TST 
mc_semantics.html:474 CI
mc_semantics.html:481 OUT
mc_semantics.html:469 BT L13
mc_semantics.html:482 R
mc_semantics.html:470 BF L21
mc_semantics.html:473 CL BF 
mc_semantics.html:476 GN1
mc_semantics.html:481 OUT
mc_semantics.html:469 BT L22
mc_semantics.html:470 BF L24
mc_semantics.html:472 CLL EX3
mc_semantics.html:478 ID
mc_semantics.html:470 BF L12
mc_semantics.html:473 CL CLL 
mc_semantics.html:474 CI
mc_semantics.html:481 OUT
mc_semantics.html:469 BT L13
mc_semantics.html:482 R
mc_semantics.html:470 BF L26
mc_semantics.html:473 CL BE
mc_semantics.html:481 OUT
mc_semantics.html:469 BT L27
mc_semantics.html:469 BT L25
mc_semantics.html:472 CLL EX3
mc_semantics.html:478 ID
mc_semantics.html:470 BF L12
mc_semantics.html:469 BT L13
mc_semantics.html:484 SR
mc_semantics.html:470 BF L14
mc_semantics.html:469 BT L13
mc_semantics.html:485 TST .ID
mc_semantics.html:470 BF L15
mc_semantics.html:469 BT L13
mc_semantics.html:485 TST .NUMBER
mc_semantics.html:470 BF L16
mc_semantics.html:469 BT L13
mc_semantics.html:485 TST .STRING
mc_semantics.html:470 BF L17
mc_semantics.html:469 BT L13
mc_semantics.html:485 TST (
mc_semantics.html:470 BF L18
mc_semantics.html:469 BT L13
mc_semantics.html:485 TST .EMPTY
mc_semantics.html:470 BF L19
mc_semantics.html:469 BT L13
mc_semantics.html:485 TST $
mc_semantics.html:470 BF L20
mc_semantics.html:482 R
mc_semantics.html:470 BF L26
mc_semantics.html:469 BT L27
mc_semantics.html:472 CLL OUTPUT
mc_semantics.html:485 TST .OUT
mc_semantics.html:470 BF L6
mc_semantics.html:469 BT L8
mc_semantics.html:485 TST .LABEL
mc_semantics.html:470 BF L9
mc_semantics.html:470 BF L10
mc_semantics.html:482 R
mc_semantics.html:470 BF L28
mc_semantics.html:469 BT L25
mc_semantics.html:483 SET
mc_semantics.html:471 BE
mc_semantics.html:479 LB
mc_semantics.html:476 GN1
mc_semantics.html:481 OUT
mc_semantics.html:482 R
mc_semantics.html:470 BF L30
mc_semantics.html:485 TST /
mc_semantics.html:470 BF L32
mc_semantics.html:473 CL BT 
mc_semantics.html:476 GN1
mc_semantics.html:481 OUT
mc_semantics.html:472 CLL EX2
mc_semantics.html:472 CLL EX3
mc_semantics.html:478 ID
mc_semantics.html:470 BF L12
mc_semantics.html:469 BT L13
mc_semantics.html:484 SR
mc_semantics.html:470 BF L14
mc_semantics.html:473 CL TST 
mc_semantics.html:474 CI
mc_semantics.html:481 OUT
mc_semantics.html:469 BT L13
mc_semantics.html:482 R
mc_semantics.html:470 BF L21
mc_semantics.html:473 CL BF 
mc_semantics.html:476 GN1
mc_semantics.html:481 OUT
mc_semantics.html:469 BT L22
mc_semantics.html:470 BF L24
mc_semantics.html:472 CLL EX3
mc_semantics.html:478 ID
mc_semantics.html:470 BF L12
mc_semantics.html:473 CL CLL 
mc_semantics.html:474 CI
mc_semantics.html:481 OUT
mc_semantics.html:469 BT L13
mc_semantics.html:482 R
mc_semantics.html:470 BF L26
mc_semantics.html:473 CL BE
mc_semantics.html:481 OUT
mc_semantics.html:469 BT L27
mc_semantics.html:469 BT L25
mc_semantics.html:472 CLL EX3
mc_semantics.html:478 ID
mc_semantics.html:470 BF L12
mc_semantics.html:469 BT L13
mc_semantics.html:484 SR
mc_semantics.html:470 BF L14
mc_semantics.html:469 BT L13
mc_semantics.html:485 TST .ID
mc_semantics.html:470 BF L15
mc_semantics.html:469 BT L13
mc_semantics.html:485 TST .NUMBER
mc_semantics.html:470 BF L16
mc_semantics.html:469 BT L13
mc_semantics.html:485 TST .STRING
mc_semantics.html:470 BF L17
mc_semantics.html:469 BT L13
mc_semantics.html:485 TST (
mc_semantics.html:470 BF L18
mc_semantics.html:469 BT L13
mc_semantics.html:485 TST .EMPTY
mc_semantics.html:470 BF L19
mc_semantics.html:469 BT L13
mc_semantics.html:485 TST $
mc_semantics.html:470 BF L20
mc_semantics.html:482 R
mc_semantics.html:470 BF L26
mc_semantics.html:469 BT L27
mc_semantics.html:472 CLL OUTPUT
mc_semantics.html:485 TST .OUT
mc_semantics.html:470 BF L6
mc_semantics.html:485 TST (
mc_semantics.html:471 BE
mc_semantics.html:472 CLL OUT1
mc_semantics.html:485 TST *1
mc_semantics.html:470 BF L1
mc_semantics.html:469 BT L2
mc_semantics.html:485 TST *2
mc_semantics.html:470 BF L3
mc_semantics.html:469 BT L2
mc_semantics.html:485 TST *
mc_semantics.html:470 BF L4
mc_semantics.html:469 BT L2
mc_semantics.html:484 SR
mc_semantics.html:470 BF L5
mc_semantics.html:473 CL CL 
mc_semantics.html:474 CI
mc_semantics.html:481 OUT
mc_semantics.html:482 R
mc_semantics.html:469 BT L7
mc_semantics.html:472 CLL OUT1
mc_semantics.html:485 TST *1
mc_semantics.html:470 BF L1
mc_semantics.html:469 BT L2
mc_semantics.html:485 TST *2
mc_semantics.html:470 BF L3
mc_semantics.html:469 BT L2
mc_semantics.html:485 TST *
mc_semantics.html:470 BF L4
mc_semantics.html:469 BT L2
mc_semantics.html:484 SR
mc_semantics.html:470 BF L5
mc_semantics.html:482 R
mc_semantics.html:469 BT L7
mc_semantics.html:483 SET
mc_semantics.html:471 BE
mc_semantics.html:485 TST )
mc_semantics.html:471 BE
mc_semantics.html:469 BT L8
mc_semantics.html:470 BF L10
mc_semantics.html:473 CL OUT
mc_semantics.html:481 OUT
mc_semantics.html:482 R
mc_semantics.html:470 BF L28
mc_semantics.html:469 BT L25
mc_semantics.html:472 CLL EX3
mc_semantics.html:478 ID
mc_semantics.html:470 BF L12
mc_semantics.html:469 BT L13
mc_semantics.html:484 SR
mc_semantics.html:470 BF L14
mc_semantics.html:469 BT L13
mc_semantics.html:485 TST .ID
mc_semantics.html:470 BF L15
mc_semantics.html:469 BT L13
mc_semantics.html:485 TST .NUMBER
mc_semantics.html:470 BF L16
mc_semantics.html:469 BT L13
mc_semantics.html:485 TST .STRING
mc_semantics.html:470 BF L17
mc_semantics.html:469 BT L13
mc_semantics.html:485 TST (
mc_semantics.html:470 BF L18
mc_semantics.html:469 BT L13
mc_semantics.html:485 TST .EMPTY
mc_semantics.html:470 BF L19
mc_semantics.html:469 BT L13
mc_semantics.html:485 TST $
mc_semantics.html:470 BF L20
mc_semantics.html:482 R
mc_semantics.html:470 BF L26
mc_semantics.html:469 BT L27
mc_semantics.html:472 CLL OUTPUT
mc_semantics.html:485 TST .OUT
mc_semantics.html:470 BF L6
mc_semantics.html:469 BT L8
mc_semantics.html:485 TST .LABEL
mc_semantics.html:470 BF L9
mc_semantics.html:470 BF L10
mc_semantics.html:482 R
mc_semantics.html:470 BF L28
mc_semantics.html:469 BT L25
mc_semantics.html:483 SET
mc_semantics.html:471 BE
mc_semantics.html:479 LB
mc_semantics.html:476 GN1
mc_semantics.html:481 OUT
mc_semantics.html:482 R
mc_semantics.html:471 BE
mc_semantics.html:469 BT L31
mc_semantics.html:485 TST /
mc_semantics.html:470 BF L32
mc_semantics.html:473 CL BT 
mc_semantics.html:476 GN1
mc_semantics.html:481 OUT
mc_semantics.html:472 CLL EX2
mc_semantics.html:472 CLL EX3
mc_semantics.html:478 ID
mc_semantics.html:470 BF L12
mc_semantics.html:473 CL CLL 
mc_semantics.html:474 CI
mc_semantics.html:481 OUT
mc_semantics.html:469 BT L13
mc_semantics.html:482 R
mc_semantics.html:470 BF L21
mc_semantics.html:473 CL BF 
mc_semantics.html:476 GN1
mc_semantics.html:481 OUT
mc_semantics.html:469 BT L22
mc_semantics.html:470 BF L24
mc_semantics.html:472 CLL EX3
mc_semantics.html:478 ID
mc_semantics.html:470 BF L12
mc_semantics.html:469 BT L13
mc_semantics.html:484 SR
mc_semantics.html:470 BF L14
mc_semantics.html:469 BT L13
mc_semantics.html:485 TST .ID
mc_semantics.html:470 BF L15
mc_semantics.html:469 BT L13
mc_semantics.html:485 TST .NUMBER
mc_semantics.html:470 BF L16
mc_semantics.html:469 BT L13
mc_semantics.html:485 TST .STRING
mc_semantics.html:470 BF L17
mc_semantics.html:469 BT L13
mc_semantics.html:485 TST (
mc_semantics.html:470 BF L18
mc_semantics.html:469 BT L13
mc_semantics.html:485 TST .EMPTY
mc_semantics.html:470 BF L19
mc_semantics.html:469 BT L13
mc_semantics.html:485 TST $
mc_semantics.html:470 BF L20
mc_semantics.html:482 R
mc_semantics.html:470 BF L26
mc_semantics.html:469 BT L27
mc_semantics.html:472 CLL OUTPUT
mc_semantics.html:485 TST .OUT
mc_semantics.html:470 BF L6
mc_semantics.html:469 BT L8
mc_semantics.html:485 TST .LABEL
mc_semantics.html:470 BF L9
mc_semantics.html:470 BF L10
mc_semantics.html:482 R
mc_semantics.html:470 BF L28
mc_semantics.html:469 BT L25
mc_semantics.html:483 SET
mc_semantics.html:471 BE
mc_semantics.html:479 LB
mc_semantics.html:476 GN1
mc_semantics.html:481 OUT
mc_semantics.html:482 R
mc_semantics.html:471 BE
mc_semantics.html:469 BT L31
mc_semantics.html:485 TST /
mc_semantics.html:470 BF L32
mc_semantics.html:469 BT L31
mc_semantics.html:483 SET
mc_semantics.html:471 BE
mc_semantics.html:479 LB
mc_semantics.html:476 GN1
mc_semantics.html:481 OUT
mc_semantics.html:482 R
mc_semantics.html:471 BE
mc_semantics.html:485 TST .,
mc_semantics.html:471 BE
mc_semantics.html:473 CL R
mc_semantics.html:481 OUT
mc_semantics.html:482 R
mc_semantics.html:469 BT L38
mc_semantics.html:472 CLL ST
mc_semantics.html:478 ID
mc_semantics.html:470 BF L35
mc_semantics.html:479 LB
mc_semantics.html:474 CI
mc_semantics.html:481 OUT
mc_semantics.html:485 TST =
mc_semantics.html:471 BE
mc_semantics.html:472 CLL EX1
mc_semantics.html:472 CLL EX2
mc_semantics.html:472 CLL EX3
mc_semantics.html:478 ID
mc_semantics.html:470 BF L12
mc_semantics.html:469 BT L13
mc_semantics.html:484 SR
mc_semantics.html:470 BF L14
mc_semantics.html:469 BT L13
mc_semantics.html:485 TST .ID
mc_semantics.html:470 BF L15
mc_semantics.html:473 CL ID
mc_semantics.html:481 OUT
mc_semantics.html:469 BT L13
mc_semantics.html:482 R
mc_semantics.html:470 BF L21
mc_semantics.html:473 CL BF 
mc_semantics.html:476 GN1
mc_semantics.html:481 OUT
mc_semantics.html:469 BT L22
mc_semantics.html:470 BF L24
mc_semantics.html:472 CLL EX3
mc_semantics.html:478 ID
mc_semantics.html:470 BF L12
mc_semantics.html:469 BT L13
mc_semantics.html:484 SR
mc_semantics.html:470 BF L14
mc_semantics.html:469 BT L13
mc_semantics.html:485 TST .ID
mc_semantics.html:470 BF L15
mc_semantics.html:469 BT L13
mc_semantics.html:485 TST .NUMBER
mc_semantics.html:470 BF L16
mc_semantics.html:469 BT L13
mc_semantics.html:485 TST .STRING
mc_semantics.html:470 BF L17
mc_semantics.html:469 BT L13
mc_semantics.html:485 TST (
mc_semantics.html:470 BF L18
mc_semantics.html:469 BT L13
mc_semantics.html:485 TST .EMPTY
mc_semantics.html:470 BF L19
mc_semantics.html:469 BT L13
mc_semantics.html:485 TST $
mc_semantics.html:470 BF L20
mc_semantics.html:482 R
mc_semantics.html:470 BF L26
mc_semantics.html:469 BT L27
mc_semantics.html:472 CLL OUTPUT
mc_semantics.html:485 TST .OUT
mc_semantics.html:470 BF L6
mc_semantics.html:485 TST (
mc_semantics.html:471 BE
mc_semantics.html:472 CLL OUT1
mc_semantics.html:485 TST *1
mc_semantics.html:470 BF L1
mc_semantics.html:469 BT L2
mc_semantics.html:485 TST *2
mc_semantics.html:470 BF L3
mc_semantics.html:469 BT L2
mc_semantics.html:485 TST *
mc_semantics.html:470 BF L4
mc_semantics.html:469 BT L2
mc_semantics.html:484 SR
mc_semantics.html:470 BF L5
mc_semantics.html:473 CL CL 
mc_semantics.html:474 CI
mc_semantics.html:481 OUT
mc_semantics.html:482 R
mc_semantics.html:469 BT L7
mc_semantics.html:472 CLL OUT1
mc_semantics.html:485 TST *1
mc_semantics.html:470 BF L1
mc_semantics.html:469 BT L2
mc_semantics.html:485 TST *2
mc_semantics.html:470 BF L3
mc_semantics.html:469 BT L2
mc_semantics.html:485 TST *
mc_semantics.html:470 BF L4
mc_semantics.html:473 CL CI
mc_semantics.html:481 OUT
mc_semantics.html:469 BT L2
mc_semantics.html:482 R
mc_semantics.html:469 BT L7
mc_semantics.html:472 CLL OUT1
mc_semantics.html:485 TST *1
mc_semantics.html:470 BF L1
mc_semantics.html:469 BT L2
mc_semantics.html:485 TST *2
mc_semantics.html:470 BF L3
mc_semantics.html:469 BT L2
mc_semantics.html:485 TST *
mc_semantics.html:470 BF L4
mc_semantics.html:469 BT L2
mc_semantics.html:484 SR
mc_semantics.html:470 BF L5
mc_semantics.html:482 R
mc_semantics.html:469 BT L7
mc_semantics.html:483 SET
mc_semantics.html:471 BE
mc_semantics.html:485 TST )
mc_semantics.html:471 BE
mc_semantics.html:469 BT L8
mc_semantics.html:470 BF L10
mc_semantics.html:473 CL OUT
mc_semantics.html:481 OUT
mc_semantics.html:482 R
mc_semantics.html:470 BF L28
mc_semantics.html:469 BT L25
mc_semantics.html:472 CLL EX3
mc_semantics.html:478 ID
mc_semantics.html:470 BF L12
mc_semantics.html:469 BT L13
mc_semantics.html:484 SR
mc_semantics.html:470 BF L14
mc_semantics.html:469 BT L13
mc_semantics.html:485 TST .ID
mc_semantics.html:470 BF L15
mc_semantics.html:469 BT L13
mc_semantics.html:485 TST .NUMBER
mc_semantics.html:470 BF L16
mc_semantics.html:469 BT L13
mc_semantics.html:485 TST .STRING
mc_semantics.html:470 BF L17
mc_semantics.html:469 BT L13
mc_semantics.html:485 TST (
mc_semantics.html:470 BF L18
mc_semantics.html:469 BT L13
mc_semantics.html:485 TST .EMPTY
mc_semantics.html:470 BF L19
mc_semantics.html:469 BT L13
mc_semantics.html:485 TST $
mc_semantics.html:470 BF L20
mc_semantics.html:482 R
mc_semantics.html:470 BF L26
mc_semantics.html:469 BT L27
mc_semantics.html:472 CLL OUTPUT
mc_semantics.html:485 TST .OUT
mc_semantics.html:470 BF L6
mc_semantics.html:469 BT L8
mc_semantics.html:485 TST .LABEL
mc_semantics.html:470 BF L9
mc_semantics.html:470 BF L10
mc_semantics.html:482 R
mc_semantics.html:470 BF L28
mc_semantics.html:469 BT L25
mc_semantics.html:483 SET
mc_semantics.html:471 BE
mc_semantics.html:479 LB
mc_semantics.html:476 GN1
mc_semantics.html:481 OUT
mc_semantics.html:482 R
mc_semantics.html:470 BF L30
mc_semantics.html:485 TST /
mc_semantics.html:470 BF L32
mc_semantics.html:473 CL BT 
mc_semantics.html:476 GN1
mc_semantics.html:481 OUT
mc_semantics.html:472 CLL EX2
mc_semantics.html:472 CLL EX3
mc_semantics.html:478 ID
mc_semantics.html:470 BF L12
mc_semantics.html:469 BT L13
mc_semantics.html:484 SR
mc_semantics.html:470 BF L14
mc_semantics.html:469 BT L13
mc_semantics.html:485 TST .ID
mc_semantics.html:470 BF L15
mc_semantics.html:469 BT L13
mc_semantics.html:485 TST .NUMBER
mc_semantics.html:470 BF L16
mc_semantics.html:473 CL NUM
mc_semantics.html:481 OUT
mc_semantics.html:469 BT L13
mc_semantics.html:482 R
mc_semantics.html:470 BF L21
mc_semantics.html:473 CL BF 
mc_semantics.html:476 GN1
mc_semantics.html:481 OUT
mc_semantics.html:469 BT L22
mc_semantics.html:470 BF L24
mc_semantics.html:472 CLL EX3
mc_semantics.html:478 ID
mc_semantics.html:470 BF L12
mc_semantics.html:469 BT L13
mc_semantics.html:484 SR
mc_semantics.html:470 BF L14
mc_semantics.html:469 BT L13
mc_semantics.html:485 TST .ID
mc_semantics.html:470 BF L15
mc_semantics.html:469 BT L13
mc_semantics.html:485 TST .NUMBER
mc_semantics.html:470 BF L16
mc_semantics.html:469 BT L13
mc_semantics.html:485 TST .STRING
mc_semantics.html:470 BF L17
mc_semantics.html:469 BT L13
mc_semantics.html:485 TST (
mc_semantics.html:470 BF L18
mc_semantics.html:469 BT L13
mc_semantics.html:485 TST .EMPTY
mc_semantics.html:470 BF L19
mc_semantics.html:469 BT L13
mc_semantics.html:485 TST $
mc_semantics.html:470 BF L20
mc_semantics.html:482 R
mc_semantics.html:470 BF L26
mc_semantics.html:469 BT L27
mc_semantics.html:472 CLL OUTPUT
mc_semantics.html:485 TST .OUT
mc_semantics.html:470 BF L6
mc_semantics.html:485 TST (
mc_semantics.html:471 BE
mc_semantics.html:472 CLL OUT1
mc_semantics.html:485 TST *1
mc_semantics.html:470 BF L1
mc_semantics.html:469 BT L2
mc_semantics.html:485 TST *2
mc_semantics.html:470 BF L3
mc_semantics.html:469 BT L2
mc_semantics.html:485 TST *
mc_semantics.html:470 BF L4
mc_semantics.html:469 BT L2
mc_semantics.html:484 SR
mc_semantics.html:470 BF L5
mc_semantics.html:473 CL CL 
mc_semantics.html:474 CI
mc_semantics.html:481 OUT
mc_semantics.html:482 R
mc_semantics.html:469 BT L7
mc_semantics.html:472 CLL OUT1
mc_semantics.html:485 TST *1
mc_semantics.html:470 BF L1
mc_semantics.html:469 BT L2
mc_semantics.html:485 TST *2
mc_semantics.html:470 BF L3
mc_semantics.html:469 BT L2
mc_semantics.html:485 TST *
mc_semantics.html:470 BF L4
mc_semantics.html:473 CL CI
mc_semantics.html:481 OUT
mc_semantics.html:469 BT L2
mc_semantics.html:482 R
mc_semantics.html:469 BT L7
mc_semantics.html:472 CLL OUT1
mc_semantics.html:485 TST *1
mc_semantics.html:470 BF L1
mc_semantics.html:469 BT L2
mc_semantics.html:485 TST *2
mc_semantics.html:470 BF L3
mc_semantics.html:469 BT L2
mc_semantics.html:485 TST *
mc_semantics.html:470 BF L4
mc_semantics.html:469 BT L2
mc_semantics.html:484 SR
mc_semantics.html:470 BF L5
mc_semantics.html:482 R
mc_semantics.html:469 BT L7
mc_semantics.html:483 SET
mc_semantics.html:471 BE
mc_semantics.html:485 TST )
mc_semantics.html:471 BE
mc_semantics.html:469 BT L8
mc_semantics.html:470 BF L10
mc_semantics.html:473 CL OUT
mc_semantics.html:481 OUT
mc_semantics.html:482 R
mc_semantics.html:470 BF L28
mc_semantics.html:469 BT L25
mc_semantics.html:472 CLL EX3
mc_semantics.html:478 ID
mc_semantics.html:470 BF L12
mc_semantics.html:469 BT L13
mc_semantics.html:484 SR
mc_semantics.html:470 BF L14
mc_semantics.html:469 BT L13
mc_semantics.html:485 TST .ID
mc_semantics.html:470 BF L15
mc_semantics.html:469 BT L13
mc_semantics.html:485 TST .NUMBER
mc_semantics.html:470 BF L16
mc_semantics.html:469 BT L13
mc_semantics.html:485 TST .STRING
mc_semantics.html:470 BF L17
mc_semantics.html:469 BT L13
mc_semantics.html:485 TST (
mc_semantics.html:470 BF L18
mc_semantics.html:469 BT L13
mc_semantics.html:485 TST .EMPTY
mc_semantics.html:470 BF L19
mc_semantics.html:469 BT L13
mc_semantics.html:485 TST $
mc_semantics.html:470 BF L20
mc_semantics.html:482 R
mc_semantics.html:470 BF L26
mc_semantics.html:469 BT L27
mc_semantics.html:472 CLL OUTPUT
mc_semantics.html:485 TST .OUT
mc_semantics.html:470 BF L6
mc_semantics.html:469 BT L8
mc_semantics.html:485 TST .LABEL
mc_semantics.html:470 BF L9
mc_semantics.html:470 BF L10
mc_semantics.html:482 R
mc_semantics.html:470 BF L28
mc_semantics.html:469 BT L25
mc_semantics.html:483 SET
mc_semantics.html:471 BE
mc_semantics.html:479 LB
mc_semantics.html:476 GN1
mc_semantics.html:481 OUT
mc_semantics.html:482 R
mc_semantics.html:471 BE
mc_semantics.html:469 BT L31
mc_semantics.html:485 TST /
mc_semantics.html:470 BF L32
mc_semantics.html:473 CL BT 
mc_semantics.html:476 GN1
mc_semantics.html:481 OUT
mc_semantics.html:472 CLL EX2
mc_semantics.html:472 CLL EX3
mc_semantics.html:478 ID
mc_semantics.html:470 BF L12
mc_semantics.html:469 BT L13
mc_semantics.html:484 SR
mc_semantics.html:470 BF L14
mc_semantics.html:473 CL TST 
mc_semantics.html:474 CI
mc_semantics.html:481 OUT
mc_semantics.html:469 BT L13
mc_semantics.html:482 R
mc_semantics.html:470 BF L21
mc_semantics.html:473 CL BF 
mc_semantics.html:476 GN1
mc_semantics.html:481 OUT
mc_semantics.html:469 BT L22
mc_semantics.html:470 BF L24
mc_semantics.html:472 CLL EX3
mc_semantics.html:478 ID
mc_semantics.html:470 BF L12
mc_semantics.html:473 CL CLL 
mc_semantics.html:474 CI
mc_semantics.html:481 OUT
mc_semantics.html:469 BT L13
mc_semantics.html:482 R
mc_semantics.html:470 BF L26
mc_semantics.html:473 CL BE
mc_semantics.html:481 OUT
mc_semantics.html:469 BT L27
mc_semantics.html:469 BT L25
mc_semantics.html:472 CLL EX3
mc_semantics.html:478 ID
mc_semantics.html:470 BF L12
mc_semantics.html:469 BT L13
mc_semantics.html:484 SR
mc_semantics.html:470 BF L14
mc_semantics.html:473 CL TST 
mc_semantics.html:474 CI
mc_semantics.html:481 OUT
mc_semantics.html:469 BT L13
mc_semantics.html:482 R
mc_semantics.html:470 BF L26
mc_semantics.html:473 CL BE
mc_semantics.html:481 OUT
mc_semantics.html:469 BT L27
mc_semantics.html:469 BT L25
mc_semantics.html:472 CLL EX3
mc_semantics.html:478 ID
mc_semantics.html:470 BF L12
mc_semantics.html:469 BT L13
mc_semantics.html:484 SR
mc_semantics.html:470 BF L14
mc_semantics.html:469 BT L13
mc_semantics.html:485 TST .ID
mc_semantics.html:470 BF L15
mc_semantics.html:469 BT L13
mc_semantics.html:485 TST .NUMBER
mc_semantics.html:470 BF L16
mc_semantics.html:469 BT L13
mc_semantics.html:485 TST .STRING
mc_semantics.html:470 BF L17
mc_semantics.html:469 BT L13
mc_semantics.html:485 TST (
mc_semantics.html:470 BF L18
mc_semantics.html:469 BT L13
mc_semantics.html:485 TST .EMPTY
mc_semantics.html:470 BF L19
mc_semantics.html:469 BT L13
mc_semantics.html:485 TST $
mc_semantics.html:470 BF L20
mc_semantics.html:482 R
mc_semantics.html:470 BF L26
mc_semantics.html:469 BT L27
mc_semantics.html:472 CLL OUTPUT
mc_semantics.html:485 TST .OUT
mc_semantics.html:470 BF L6
mc_semantics.html:469 BT L8
mc_semantics.html:485 TST .LABEL
mc_semantics.html:470 BF L9
mc_semantics.html:470 BF L10
mc_semantics.html:482 R
mc_semantics.html:470 BF L28
mc_semantics.html:469 BT L25
mc_semantics.html:483 SET
mc_semantics.html:471 BE
mc_semantics.html:479 LB
mc_semantics.html:476 GN1
mc_semantics.html:481 OUT
mc_semantics.html:482 R
mc_semantics.html:471 BE
mc_semantics.html:469 BT L31
mc_semantics.html:485 TST /
mc_semantics.html:470 BF L32
mc_semantics.html:469 BT L31
mc_semantics.html:483 SET
mc_semantics.html:471 BE
mc_semantics.html:479 LB
mc_semantics.html:476 GN1
mc_semantics.html:481 OUT
mc_semantics.html:482 R
mc_semantics.html:471 BE
mc_semantics.html:485 TST .,
mc_semantics.html:471 BE
mc_semantics.html:473 CL R
mc_semantics.html:481 OUT
mc_semantics.html:482 R
mc_semantics.html:469 BT L38
mc_semantics.html:472 CLL ST
mc_semantics.html:478 ID
mc_semantics.html:470 BF L35
mc_semantics.html:482 R
mc_semantics.html:469 BT L38
mc_semantics.html:483 SET
mc_semantics.html:471 BE
mc_semantics.html:485 TST .END
mc_semantics.html:471 BE
mc_semantics.html:473 CL END
mc_semantics.html:481 OUT
mc_semantics.html:482 R
